/home/runner/.cargo
/home/runner/.cargo/registry
/home/runner/.cargo/registry/index
/home/runner/.cargo/registry/index/github.com-1ecc6299db9ec823
/home/runner/.cargo/registry/index/github.com-1ecc6299db9ec823/.last-updated
/home/runner/.cargo/registry/index/github.com-1ecc6299db9ec823/.git
/home/runner/.cargo/registry/index/github.com-1ecc6299db9ec823/.git/description
/home/runner/.cargo/registry/index/github.com-1ecc6299db9ec823/.git/objects
/home/runner/.cargo/registry/index/github.com-1ecc6299db9ec823/.git/objects/pack
/home/runner/.cargo/registry/index/github.com-1ecc6299db9ec823/.git/objects/pack/pack-25483b8e5ade09b9f53f13ac20e50797510e8146.pack
/home/runner/.cargo/registry/index/github.com-1ecc6299db9ec823/.git/objects/pack/pack-25483b8e5ade09b9f53f13ac20e50797510e8146.idx
/home/runner/.cargo/registry/index/github.com-1ecc6299db9ec823/.git/objects/info
/home/runner/.cargo/registry/index/github.com-1ecc6299db9ec823/.git/hooks
/home/runner/.cargo/registry/index/github.com-1ecc6299db9ec823/.git/hooks/README.sample
/home/runner/.cargo/registry/index/github.com-1ecc6299db9ec823/.git/HEAD
/home/runner/.cargo/registry/index/github.com-1ecc6299db9ec823/.git/FETCH_HEAD
/home/runner/.cargo/registry/index/github.com-1ecc6299db9ec823/.git/info
/home/runner/.cargo/registry/index/github.com-1ecc6299db9ec823/.git/info/exclude
/home/runner/.cargo/registry/index/github.com-1ecc6299db9ec823/.git/config
/home/runner/.cargo/registry/index/github.com-1ecc6299db9ec823/.git/logs
/home/runner/.cargo/registry/index/github.com-1ecc6299db9ec823/.git/logs/refs
/home/runner/.cargo/registry/index/github.com-1ecc6299db9ec823/.git/logs/refs/remotes
/home/runner/.cargo/registry/index/github.com-1ecc6299db9ec823/.git/logs/refs/remotes/origin
/home/runner/.cargo/registry/index/github.com-1ecc6299db9ec823/.git/logs/refs/remotes/origin/master
/home/runner/.cargo/registry/index/github.com-1ecc6299db9ec823/.git/refs
/home/runner/.cargo/registry/index/github.com-1ecc6299db9ec823/.git/refs/remotes
/home/runner/.cargo/registry/index/github.com-1ecc6299db9ec823/.git/refs/remotes/origin
/home/runner/.cargo/registry/index/github.com-1ecc6299db9ec823/.git/refs/remotes/origin/master
/home/runner/.cargo/registry/index/github.com-1ecc6299db9ec823/.git/refs/heads
/home/runner/.cargo/registry/index/github.com-1ecc6299db9ec823/.git/refs/tags
